0 info it worked if it ends with ok
1 verbose cli [ 'C:\\Program Files\\nodejs\\\\node.exe',
1 verbose cli   'C:\\Program Files\\nodejs\\node_modules\\npm\\bin\\npm-cli.js',
1 verbose cli   'install' ]
2 info using npm@1.4.28
3 info using node@v0.10.32
4 verbose node symlink C:\Program Files\nodejs\\node.exe
5 verbose readDependencies using package.json deps
6 verbose install where, deps [ 'D:\\Travel IO',
6 verbose install   [ 'grunt',
6 verbose install     'grunt-autoprefixer',
6 verbose install     'grunt-concurrent',
6 verbose install     'grunt-contrib-clean',
6 verbose install     'grunt-contrib-compass',
6 verbose install     'grunt-contrib-concat',
6 verbose install     'grunt-contrib-connect',
6 verbose install     'grunt-contrib-copy',
6 verbose install     'grunt-contrib-cssmin',
6 verbose install     'grunt-contrib-htmlmin',
6 verbose install     'grunt-contrib-imagemin',
6 verbose install     'grunt-contrib-jshint',
6 verbose install     'grunt-contrib-uglify',
6 verbose install     'grunt-contrib-watch',
6 verbose install     'grunt-filerev',
6 verbose install     'grunt-google-cdn',
6 verbose install     'grunt-karma',
6 verbose install     'grunt-newer',
6 verbose install     'grunt-ng-annotate',
6 verbose install     'grunt-svgmin',
6 verbose install     'grunt-usemin',
6 verbose install     'grunt-wiredep',
6 verbose install     'jshint-stylish',
6 verbose install     'karma-jasmine',
6 verbose install     'karma-phantomjs-launcher',
6 verbose install     'load-grunt-tasks',
6 verbose install     'time-grunt' ] ]
7 info preinstall travelio@0.0.0
8 verbose readDependencies using package.json deps
9 verbose already installed skipping grunt@^0.4.5 D:\Travel IO
10 verbose already installed skipping grunt-autoprefixer@^2.0.0 D:\Travel IO
11 verbose already installed skipping grunt-concurrent@^1.0.0 D:\Travel IO
12 verbose already installed skipping grunt-contrib-clean@^0.6.0 D:\Travel IO
13 verbose already installed skipping grunt-contrib-compass@^1.0.0 D:\Travel IO
14 verbose already installed skipping grunt-contrib-concat@^0.5.0 D:\Travel IO
15 verbose already installed skipping grunt-contrib-connect@^0.9.0 D:\Travel IO
16 verbose already installed skipping grunt-contrib-copy@^0.7.0 D:\Travel IO
17 verbose already installed skipping grunt-contrib-cssmin@^0.12.0 D:\Travel IO
18 verbose already installed skipping grunt-contrib-htmlmin@^0.4.0 D:\Travel IO
19 verbose already installed skipping grunt-contrib-imagemin@^0.9.2 D:\Travel IO
20 verbose already installed skipping grunt-contrib-jshint@^0.11.0 D:\Travel IO
21 verbose already installed skipping grunt-contrib-uglify@^0.7.0 D:\Travel IO
22 verbose already installed skipping grunt-contrib-watch@^0.6.1 D:\Travel IO
23 verbose already installed skipping grunt-filerev@^2.1.2 D:\Travel IO
24 verbose already installed skipping grunt-google-cdn@^0.4.3 D:\Travel IO
25 verbose already installed skipping grunt-karma@* D:\Travel IO
26 verbose already installed skipping grunt-newer@^1.1.0 D:\Travel IO
27 verbose already installed skipping grunt-ng-annotate@^0.9.2 D:\Travel IO
28 verbose already installed skipping grunt-svgmin@^2.0.0 D:\Travel IO
29 verbose already installed skipping grunt-usemin@^3.0.0 D:\Travel IO
30 verbose already installed skipping grunt-wiredep@^2.0.0 D:\Travel IO
31 verbose already installed skipping jshint-stylish@^1.0.0 D:\Travel IO
32 verbose already installed skipping karma-jasmine@* D:\Travel IO
33 verbose already installed skipping karma-phantomjs-launcher@* D:\Travel IO
34 verbose already installed skipping load-grunt-tasks@^3.1.0 D:\Travel IO
35 verbose already installed skipping time-grunt@^1.0.0 D:\Travel IO
36 silly resolved []
37 info build D:\Travel IO
38 verbose linkStuff [ false, false, false, 'D:\\' ]
39 info linkStuff travelio@0.0.0
40 verbose linkBins travelio@0.0.0
41 verbose linkMans travelio@0.0.0
42 verbose rebuildBundles travelio@0.0.0
43 verbose rebuildBundles [ '.bin',
43 verbose rebuildBundles   'grunt',
43 verbose rebuildBundles   'grunt-autoprefixer',
43 verbose rebuildBundles   'grunt-concurrent',
43 verbose rebuildBundles   'grunt-contrib-clean',
43 verbose rebuildBundles   'grunt-contrib-compass',
43 verbose rebuildBundles   'grunt-contrib-concat',
43 verbose rebuildBundles   'grunt-contrib-connect',
43 verbose rebuildBundles   'grunt-contrib-copy',
43 verbose rebuildBundles   'grunt-contrib-cssmin',
43 verbose rebuildBundles   'grunt-contrib-htmlmin',
43 verbose rebuildBundles   'grunt-contrib-imagemin',
43 verbose rebuildBundles   'grunt-contrib-jshint',
43 verbose rebuildBundles   'grunt-contrib-uglify',
43 verbose rebuildBundles   'grunt-contrib-watch',
43 verbose rebuildBundles   'grunt-filerev',
43 verbose rebuildBundles   'grunt-google-cdn',
43 verbose rebuildBundles   'grunt-karma',
43 verbose rebuildBundles   'grunt-newer',
43 verbose rebuildBundles   'grunt-ng-annotate',
43 verbose rebuildBundles   'grunt-svgmin',
43 verbose rebuildBundles   'grunt-usemin',
43 verbose rebuildBundles   'grunt-wiredep',
43 verbose rebuildBundles   'jasmine-core',
43 verbose rebuildBundles   'jshint-stylish',
43 verbose rebuildBundles   'karma',
43 verbose rebuildBundles   'karma-jasmine',
43 verbose rebuildBundles   'karma-phantomjs-launcher',
43 verbose rebuildBundles   'load-grunt-tasks',
43 verbose rebuildBundles   'phantomjs',
43 verbose rebuildBundles   'time-grunt' ]
44 verbose rebuild bundle D:\Travel IO\node_modules\jasmine-core
45 info build D:\Travel IO\node_modules\jasmine-core
46 info preinstall jasmine-core@2.3.4
47 verbose linkStuff [ false, false, false, 'D:\\Travel IO\\node_modules' ]
48 info linkStuff jasmine-core@2.3.4
49 verbose linkBins jasmine-core@2.3.4
50 verbose linkMans jasmine-core@2.3.4
51 verbose rebuildBundles jasmine-core@2.3.4
52 info install jasmine-core@2.3.4
53 info postinstall jasmine-core@2.3.4
54 verbose rebuild bundle D:\Travel IO\node_modules\karma
55 info build D:\Travel IO\node_modules\karma
56 info preinstall karma@0.12.36
57 verbose linkStuff [ false, false, false, 'D:\\Travel IO\\node_modules' ]
58 info linkStuff karma@0.12.36
59 verbose linkBins karma@0.12.36
60 verbose link bins [ { karma: './bin/karma' },
60 verbose link bins   'D:\\Travel IO\\node_modules\\.bin',
60 verbose link bins   false ]
61 verbose linkMans karma@0.12.36
62 verbose rebuildBundles karma@0.12.36
63 verbose rebuildBundles [ '.bin',
63 verbose rebuildBundles   'chokidar',
63 verbose rebuildBundles   'colors',
63 verbose rebuildBundles   'connect',
63 verbose rebuildBundles   'di',
63 verbose rebuildBundles   'glob',
63 verbose rebuildBundles   'graceful-fs',
63 verbose rebuildBundles   'http-proxy',
63 verbose rebuildBundles   'lodash',
63 verbose rebuildBundles   'log4js',
63 verbose rebuildBundles   'mime',
63 verbose rebuildBundles   'minimatch',
63 verbose rebuildBundles   'optimist',
63 verbose rebuildBundles   'q',
63 verbose rebuildBundles   'rimraf',
63 verbose rebuildBundles   'socket.io',
63 verbose rebuildBundles   'source-map',
63 verbose rebuildBundles   'useragent' ]
64 info install karma@0.12.36
65 info postinstall karma@0.12.36
66 verbose rebuild bundle D:\Travel IO\node_modules\phantomjs
67 info build D:\Travel IO\node_modules\phantomjs
68 info preinstall phantomjs@1.9.17
69 verbose linkStuff [ false, false, false, 'D:\\Travel IO\\node_modules' ]
70 info linkStuff phantomjs@1.9.17
71 verbose linkBins phantomjs@1.9.17
72 verbose link bins [ { phantomjs: './bin/phantomjs' },
72 verbose link bins   'D:\\Travel IO\\node_modules\\.bin',
72 verbose link bins   false ]
73 verbose linkMans phantomjs@1.9.17
74 verbose rebuildBundles phantomjs@1.9.17
75 verbose rebuildBundles [ '.bin',
75 verbose rebuildBundles   'adm-zip',
75 verbose rebuildBundles   'fs-extra',
75 verbose rebuildBundles   'kew',
75 verbose rebuildBundles   'npmconf',
75 verbose rebuildBundles   'progress',
75 verbose rebuildBundles   'request',
75 verbose rebuildBundles   'request-progress',
75 verbose rebuildBundles   'which' ]
76 info install phantomjs@1.9.17
77 verbose unsafe-perm in lifecycle true
78 info phantomjs@1.9.17 Failed to exec install script
79 error phantomjs@1.9.17 install: `node install.js`
79 error Exit status 1
80 error Failed at the phantomjs@1.9.17 install script.
80 error This is most likely a problem with the phantomjs package,
80 error not with npm itself.
80 error Tell the author that this fails on your system:
80 error     node install.js
80 error You can get their info via:
80 error     npm owner ls phantomjs
80 error There is likely additional logging output above.
81 error System Windows_NT 6.2.9200
82 error command "C:\\Program Files\\nodejs\\\\node.exe" "C:\\Program Files\\nodejs\\node_modules\\npm\\bin\\npm-cli.js" "install"
83 error cwd D:\Travel IO
84 error node -v v0.10.32
85 error npm -v 1.4.28
86 error code ELIFECYCLE
87 verbose exit [ 1, true ]
